11:28:00 : Phesy saved Npc #1.
11:28:00 : Phesy saved Npc #2.
11:28:00 : Phesy saved Npc #3.
11:28:00 : Phesy saved Npc #4.
11:28:00 : Phesy saved Npc #5.
11:28:00 : Phesy saved Npc #6.
11:28:00 : Phesy saved Npc #8.
14:09:20 : Vk`Allstar saved Spell #1.
14:09:20 : Vk`Allstar saved Spell #3.
14:09:20 : Vk`Allstar saved Spell #4.
14:09:20 : Vk`Allstar saved Spell #13.
14:09:20 : Vk`Allstar saved Spell #14.
14:11:20 : Vk`Allstar saved Spell #1.
14:15:14 : Vk`Allstar saved Spell #1.
14:15:14 : Vk`Allstar saved Spell #3.
14:15:14 : Vk`Allstar saved Spell #4.
14:15:14 : Vk`Allstar saved Spell #5.
14:23:08 : Vk`Allstar saved Spell #1.
14:23:08 : Vk`Allstar saved Spell #5.
14:24:11 : Vk`Allstar ได้วาร์ปไปยังแผนที่ #200.
14:49:58 : Vk`Allstar saved item #1.
14:49:58 : Vk`Allstar saved item #3.
14:49:58 : Vk`Allstar saved item #4.
14:49:58 : Vk`Allstar saved item #5.
14:49:58 : Vk`Allstar saved item #6.
14:49:58 : Vk`Allstar saved item #7.
14:49:58 : Vk`Allstar saved item #8.
14:49:58 : Vk`Allstar saved item #9.
14:49:58 : Vk`Allstar saved item #10.
14:49:58 : Vk`Allstar saved item #11.
14:49:58 : Vk`Allstar saved item #12.
14:49:58 : Vk`Allstar saved item #13.
14:49:58 : Vk`Allstar saved item #14.
14:49:58 : Vk`Allstar saved item #15.
14:59:01 : Phesy saved Spell #1.
14:59:01 : Phesy saved Spell #4.
14:59:01 : Phesy saved Spell #5.
14:59:06 : Phesy saved Npc #1.
15:17:33 : Phesy saved item #1.
15:17:33 : Phesy saved item #13.
16:02:24 : Phesy saved Spell #1.
16:02:24 : Phesy saved Spell #73.
16:05:59 : Phesy saved Spell #1.
16:05:59 : Phesy saved Spell #73.
16:05:59 : Phesy saved Spell #74.
16:18:39 : Phesy saved Spell #1.
16:18:39 : Phesy saved Spell #73.
16:18:39 : Phesy saved Spell #74.
16:18:59 : Phesy saved Spell #1.
16:22:49 : Phesy saved Spell #1.
16:22:49 : Phesy saved Spell #75.
16:22:49 : Phesy saved Spell #79.
17:01:38 : JONAT ได้วาร์ปไปยังแผนที่ #2.
17:01:44 : JONAT ได้วาร์ปไปยังแผนที่ #10.
17:02:06 : JONAT ได้วาร์ปไปยังแผนที่ #99.
17:02:11 : JONAT ได้วาร์ปไปยังแผนที่ #80.
17:02:14 : JONAT ได้วาร์ปไปยังแผนที่ #60.
17:02:19 : JONAT ได้วาร์ปไปยังแผนที่ #20.
17:02:23 : JONAT ได้วาร์ปไปยังแผนที่ #21.
17:02:25 : JONAT ได้วาร์ปไปยังแผนที่ #22.
17:02:27 : JONAT ได้วาร์ปไปยังแผนที่ #23.
17:02:40 : JONAT ได้วาร์ปไปยังแผนที่ #22.
17:02:44 : JONATได้เริ่มนับการเกิดใหม่ของ npc ในแผนที่ #22
17:04:00 : JONAT ได้วาร์ปไปยังแผนที่ #1.
17:10:05 : JONAT ได้วาร์ปไปยังแผนที่ #99.
17:10:09 : JONAT ได้วาร์ปไปยังแผนที่ #2.
17:14:59 : JONAT ได้วาร์ปไปยังแผนที่ #23.
17:27:59 : Phesy saved item #1.
17:27:59 : Phesy saved item #2.
17:32:51 : Phesy saved Spell #1.
17:37:52 : Phesy saved Spell #1.
17:37:52 : Phesy saved Spell #63.
17:39:28 : Phesy saved Spell #1.
17:45:13 : Phesy saved Spell #1.
17:45:13 : Phesy saved Spell #64.
22:57:16 : Phesy ได้วาร์ปไปยังแผนที่ #200.
22:58:53 : Phesy ได้วาร์ปไปยังแผนที่ #200.
23:17:31 : Phesy ได้วาร์ปไปยังแผนที่ #200.
23:38:20 : Phesy ได้วาร์ปไปยังแผนที่ #200.
20:22:17 : Phesy saved Npc #1.
20:22:17 : Phesy saved Npc #35.
20:26:30 : Phesy saved Npc #1.
20:26:30 : Phesy saved Npc #35.
20:26:52 : Phesy saved Npc #1.
20:26:58 : Phesy ได้วาร์ปไปยังแผนที่ #200.
20:28:15 : Phesy saved Npc #1.
20:28:15 : Phesy saved Npc #35.
21:56:25 : Phesy saved item #1.
21:56:25 : Phesy saved item #9.
23:32:27 : Phesy ได้วาร์ปไปยังแผนที่ #1.
23:32:27 : Phesy ได้วาร์ปไปยังแผนที่ #1.
1:17:40 : มินิแวน saved Spell #1.
1:17:45 : มินิแวน saved Npc #1.
1:18:38 : มินิแวน saved item #1.
1:18:38 : มินิแวน saved item #8.
1:18:38 : มินิแวน saved item #12.
1:21:31 : มินิแวน saved Spell #1.
1:21:31 : มินิแวน saved Spell #53.
1:22:00 : มินิแวน saved Npc #1.
1:22:23 : มินิแวน saved Spell #1.
1:22:23 : มินิแวน saved Spell #53.
1:33:51 : มินิแวน saved Spell #1.
1:33:51 : มินิแวน saved Spell #59.
1:36:47 : มินิแวน saved Spell #1.
1:36:47 : มินิแวน saved Spell #59.
1:36:47 : มินิแวน saved Spell #79.
1:39:06 : มินิแวน saved Spell #1.
1:39:06 : มินิแวน saved Spell #53.
1:39:06 : มินิแวน saved Spell #59.
1:40:55 : มินิแวน saved item #1.
1:40:55 : มินิแวน saved item #17.
1:47:59 : มินิแวน saved item #1.
1:47:59 : มินิแวน saved item #17.
1:47:59 : มินิแวน saved item #18.
1:58:44 : มินิแวน saved Npc #1.
1:58:44 : มินิแวน saved Npc #31.
1:58:44 : มินิแวน saved Npc #32.
1:58:44 : มินิแวน saved Npc #33.
2:01:47 : มินิแวน saved item #1.
2:01:47 : มินิแวน saved item #8.
2:07:05 : มินิแวน ได้วาร์ปไปยังแผนที่ #200.
2:10:13 : มินิแวน saved Npc #1.
2:10:13 : มินิแวน saved Npc #35.
2:10:33 : มินิแวน saved Npc #1.
2:10:33 : มินิแวน saved Npc #35.
2:11:25 : มินิแวน saved Spell #1.
2:11:25 : มินิแวน saved Spell #59.
2:13:05 : มินิแวน saved Spell #1.
2:14:01 : มินิแวน saved Npc #1.
2:14:01 : มินิแวน saved Npc #35.
2:14:01 : มินิแวน saved Npc #253.
2:14:01 : มินิแวน saved Npc #254.
2:14:01 : มินิแวน saved Npc #255.
2:16:37 : มินิแวน saved Npc #1.
2:16:37 : มินิแวน saved Npc #35.
2:17:08 : มินิแวน saved Npc #1.
2:17:08 : มินิแวน saved Npc #35.
2:17:12 : มินิแวน ได้วาร์ปไปยังแผนที่ #200.
2:17:57 : มินิแวน ได้วาร์ปไปยังแผนที่ #200.
2:21:47 : มินิแวน ได้วาร์ปไปยังแผนที่ #200.
2:22:05 : มินิแวน ได้วาร์ปไปยังแผนที่ #200.
2:22:14 : มินิแวน ได้วาร์ปไปยังแผนที่ #200.
16:00:02 : มินิแวน saved item #1.
16:00:02 : มินิแวน saved item #2.
16:00:02 : มินิแวน saved item #3.
16:00:02 : มินิแวน saved item #4.
16:00:02 : มินิแวน saved item #5.
16:00:02 : มินิแวน saved item #6.
16:00:02 : มินิแวน saved item #7.
16:00:02 : มินิแวน saved item #8.
16:00:02 : มินิแวน saved item #9.
16:00:02 : มินิแวน saved item #10.
16:00:02 : มินิแวน saved item #11.
16:00:02 : มินิแวน saved item #12.
16:00:02 : มินิแวน saved item #13.
16:00:02 : มินิแวน saved item #14.
16:00:02 : มินิแวน saved item #15.
16:11:12 : มินิแวน saved Spell #1.
16:11:12 : มินิแวน saved Spell #59.
12:36:34 : มินิแวน saved Animation #1.
12:36:34 : มินิแวน saved Animation #25.
12:37:50 : มินิแวน saved Animation #1.
12:37:50 : มินิแวน saved Animation #3.
12:37:50 : มินิแวน saved Animation #6.
12:37:50 : มินิแวน saved Animation #7.
12:37:50 : มินิแวน saved Animation #8.
12:37:50 : มินิแวน saved Animation #9.
12:37:50 : มินิแวน saved Animation #10.
12:37:50 : มินิแวน saved Animation #11.
12:37:50 : มินิแวน saved Animation #21.
12:37:50 : มินิแวน saved Animation #25.
12:37:58 : มินิแวน saved Animation #1.
12:37:58 : มินิแวน saved Animation #25.
12:38:20 : มินิแวน saved Animation #1.
12:38:20 : มินิแวน saved Animation #25.
12:38:35 : มินิแวน saved Animation #1.
12:38:35 : มินิแวน saved Animation #25.
12:38:56 : มินิแวน saved Animation #1.
12:38:56 : มินิแวน saved Animation #25.
12:48:05 : มินิแวน saved Animation #1.
12:48:05 : มินิแวน saved Animation #26.
12:49:39 : มินิแวน saved Animation #1.
12:49:39 : มินิแวน saved Animation #26.
12:50:08 : มินิแวน saved Animation #1.
12:50:08 : มินิแวน saved Animation #26.
12:50:15 : มินิแวน saved Animation #1.
12:50:15 : มินิแวน saved Animation #26.
12:50:33 : มินิแวน saved Animation #1.
12:50:33 : มินิแวน saved Animation #26.
12:50:52 : มินิแวน saved Animation #1.
12:50:53 : มินิแวน saved Animation #26.
12:51:04 : มินิแวน saved Animation #1.
12:51:04 : มินิแวน saved Animation #26.
12:51:15 : มินิแวน saved Animation #1.
12:51:15 : มินิแวน saved Animation #26.
12:51:56 : มินิแวน saved Animation #1.
12:51:56 : มินิแวน saved Animation #26.
12:52:17 : มินิแวน saved Animation #1.
12:52:17 : มินิแวน saved Animation #26.
12:52:23 : มินิแวน saved Animation #1.
12:52:23 : มินิแวน saved Animation #26.
12:52:50 : มินิแวน saved Animation #1.
12:52:50 : มินิแวน saved Animation #26.
12:53:00 : มินิแวน saved Animation #1.
12:53:00 : มินิแวน saved Animation #26.
12:53:20 : มินิแวน saved Animation #1.
12:53:20 : มินิแวน saved Animation #26.
12:53:31 : มินิแวน saved Animation #1.
12:53:31 : มินิแวน saved Animation #26.
12:54:02 : มินิแวน saved Animation #1.
12:54:02 : มินิแวน saved Animation #26.
13:59:29 : มินิแวน saved Spell #1.
13:59:29 : มินิแวน saved Spell #3.
13:59:29 : มินิแวน saved Spell #4.
13:59:29 : มินิแวน saved Spell #5.
13:59:29 : มินิแวน saved Spell #6.
13:59:29 : มินิแวน saved Spell #14.
13:59:29 : มินิแวน saved Spell #15.
14:36:41 : มินิแวน ได้วาร์ปไปยังแผนที่ #25.
14:43:43 : มินิแวนได้เริ่มนับการเกิดใหม่ของ npc ในแผนที่ #25
14:43:44 : มินิแวนได้เริ่มนับการเกิดใหม่ของ npc ในแผนที่ #25
14:43:44 : มินิแวนได้เริ่มนับการเกิดใหม่ของ npc ในแผนที่ #25
14:43:45 : มินิแวนได้เริ่มนับการเกิดใหม่ของ npc ในแผนที่ #25
14:43:46 : มินิแวนได้เริ่มนับการเกิดใหม่ของ npc ในแผนที่ #25
14:43:46 : มินิแวนได้เริ่มนับการเกิดใหม่ของ npc ในแผนที่ #25
14:43:46 : มินิแวนได้เริ่มนับการเกิดใหม่ของ npc ในแผนที่ #25
14:44:13 : มินิแวน saved Npc #1.
14:58:12 : มินิแวน saved item #1.
14:58:12 : มินิแวน saved item #2.
14:58:12 : มินิแวน saved item #3.
14:58:12 : มินิแวน saved item #4.
14:58:12 : มินิแวน saved item #5.
14:58:12 : มินิแวน saved item #6.
14:58:12 : มินิแวน saved item #12.
14:58:12 : มินิแวน saved item #17.
15:07:24 : มินิแวน saved Npc #1.
15:07:25 : มินิแวน saved Npc #2.
15:07:25 : มินิแวน saved Npc #253.
15:07:29 : มินิแวน ได้วาร์ปไปยังแผนที่ #8.
15:07:32 : มินิแวน ได้วาร์ปไปยังแผนที่ #7.
15:07:34 : มินิแวน ได้วาร์ปไปยังแผนที่ #6.
15:13:50 : มินิแวน saved Npc #1.
15:13:50 : มินิแวน saved Npc #253.
15:13:57 : มินิแวน saved Npc #1.
15:13:57 : มินิแวน saved Npc #5.
15:13:57 : มินิแวน saved Npc #8.
15:13:57 : มินิแวน saved Npc #10.
15:13:57 : มินิแวน saved Npc #15.
15:22:01 : มินิแวน saved Spell #1.
15:22:01 : มินิแวน saved Spell #3.
15:22:01 : มินิแวน saved Spell #4.
15:22:13 : มินิแวน saved Animation #1.
15:22:13 : มินิแวน saved Animation #3.
15:22:13 : มินิแวน saved Animation #6.
21:46:53 : มินิแวน saved Npc #1.
21:46:53 : มินิแวน saved Npc #6.
21:49:13 : มินิแวน saved Npc #1.
21:54:10 : มินิแวน saved Spell #1.
21:54:10 : มินิแวน saved Spell #43.
22:04:38 : มินิแวน saved Spell #1.
22:04:38 : มินิแวน saved Spell #43.
22:04:38 : มินิแวน saved Spell #44.
22:04:38 : มินิแวน saved Spell #53.
22:04:38 : มินิแวน saved Spell #54.
22:04:38 : มินิแวน saved Spell #55.
22:08:47 : มินิแวน saved Spell #1.
22:08:47 : มินิแวน saved Spell #93.
22:08:47 : มินิแวน saved Spell #94.
22:09:49 : มินิแวน saved item #1.
22:09:49 : มินิแวน saved item #8.
22:10:26 : มินิแวน saved item #1.
22:10:26 : มินิแวน saved item #7.
22:10:26 : มินิแวน saved item #8.
22:13:10 : มินิแวน saved Spell #1.
22:13:10 : มินิแวน saved Spell #54.
22:14:57 : มินิแวน saved Spell #1.
22:14:57 : มินิแวน saved Spell #113.
22:14:57 : มินิแวน saved Spell #117.
22:15:16 : มินิแวน saved Spell #1.
22:15:16 : มินิแวน saved Spell #55.
0:52:17 : มินิแวน saved Spell #1.
0:52:17 : มินิแวน saved Spell #43.
0:54:59 : Vk`Allstar saved item #1.
0:54:59 : Vk`Allstar saved item #9.
0:54:59 : Vk`Allstar saved item #10.
0:58:55 : Vk`Allstar saved Spell #1.
0:58:55 : Vk`Allstar saved Spell #43.
1:00:02 : Vk`Allstar saved Spell #1.
1:00:02 : Vk`Allstar saved Spell #43.
21:41:20 : Vk`Allstar saved item #1.
21:41:20 : Vk`Allstar saved item #10.
22:36:44 : มินิแวน saved Spell #1.
22:36:44 : มินิแวน saved Spell #55.
16:35:46 : ไอดี  ได้ถูกลบแล้ว.
16:35:52 : ไอดี  ได้ถูกลบแล้ว.
16:35:58 : ไอดี  ได้ถูกลบแล้ว.
16:41:30 : ไอดี minivan ได้ถูกลบแล้ว.
16:41:37 : ไอดี  ได้ถูกลบแล้ว.
16:41:39 : ไอดี  ได้ถูกลบแล้ว.
16:41:57 : ไอดี  ได้ถูกลบแล้ว.
16:47:33 : ไอดี minivan ได้ถูกลบแล้ว.
16:50:53 : ไอดี  ได้ถูกลบแล้ว.
16:50:56 : ไอดี  ได้ถูกลบแล้ว.
16:50:58 : ไอดี  ได้ถูกลบแล้ว.
16:51:19 : ไอดี minivan ได้ถูกลบแล้ว.
16:52:42 : ไอดี  ได้ถูกลบแล้ว.
16:52:50 : ไอดี  ได้ถูกลบแล้ว.
16:55:23 : ไอดี minivan ได้ถูกลบแล้ว.
16:55:52 : ไอดี  ได้ถูกลบแล้ว.
16:56:08 : ไอดี boys ได้ถูกลบแล้ว.
16:56:10 : ไอดี  ได้ถูกลบแล้ว.
16:56:11 : ไอดี  ได้ถูกลบแล้ว.
16:56:24 : ไอดี boys ได้ถูกลบแล้ว.
1:29:58 : boys2 saved Spell #1.
1:29:59 : boys2 saved Spell #17.
1:29:59 : boys2 saved Spell #34.
1:30:30 : boys2 saved Spell #1.
1:30:30 : boys2 saved Spell #33.
1:30:30 : boys2 saved Spell #34.
1:30:30 : boys2 saved Spell #35.
2:12:36 : boys2 saved Spell #1.
2:12:36 : boys2 saved Spell #34.
12:30:44 : boys2 saved Npc #1.
12:30:44 : boys2 saved Npc #4.
12:31:29 : boys2 saved Npc #1.
12:31:29 : boys2 saved Npc #4.
12:31:29 : boys2 saved Npc #7.
12:32:09 : boys2 saved Npc #1.
12:32:09 : boys2 saved Npc #6.
12:32:09 : boys2 saved Npc #7.
12:32:09 : boys2 saved Npc #11.
12:32:09 : boys2 saved Npc #12.
12:32:09 : boys2 saved Npc #15.
13:50:31 : boys2 saved item #1.
13:50:31 : boys2 saved item #19.
13:50:31 : boys2 saved item #20.
14:00:54 : boys2 saved Spell #1.
14:00:54 : boys2 saved Spell #17.
14:00:54 : boys2 saved Spell #93.
14:00:54 : boys2 saved Spell #94.
14:00:54 : boys2 saved Spell #95.
14:00:54 : boys2 saved Spell #97.
14:46:08 : มินิบอย ได้วาร์ปไปยังแผนที่ #100.
14:57:33 : มินิบอย ได้วาร์ปไปยังแผนที่ #1.
14:59:18 : มินิบอย saved item #1.
14:59:18 : มินิบอย saved item #6.
15:00:40 : มินิบอย saved item #1.
15:00:40 : มินิบอย saved item #4.
15:00:40 : มินิบอย saved item #5.
15:00:40 : มินิบอย saved item #6.
15:01:07 : มินิบอย saved item #1.
15:01:07 : มินิบอย saved item #4.
15:01:07 : มินิบอย saved item #6.
15:09:14 : มินิบอย saved item #1.
15:09:14 : มินิบอย saved item #4.
15:09:14 : มินิบอย saved item #6.
15:09:14 : มินิบอย saved item #7.
15:10:38 : มินิบอย saved Spell #1.
15:10:38 : มินิบอย saved Spell #3.
15:10:38 : มินิบอย saved Spell #4.
15:10:38 : มินิบอย saved Spell #5.
15:10:38 : มินิบอย saved Spell #13.
15:10:38 : มินิบอย saved Spell #14.
15:10:38 : มินิบอย saved Spell #15.
15:10:38 : มินิบอย saved Spell #34.
15:10:38 : มินิบอย saved Spell #94.
15:10:38 : มินิบอย saved Spell #95.
15:11:17 : มินิบอย saved Spell #1.
15:11:17 : มินิบอย saved Spell #95.
15:18:19 : มินิบอย saved Spell #1.
15:18:19 : มินิบอย saved Spell #34.
15:18:19 : มินิบอย saved Spell #96.
15:22:42 : มินิบอย saved Animation #1.
15:22:42 : มินิบอย saved Animation #17.
15:22:42 : มินิบอย saved Animation #21.
15:22:42 : มินิบอย saved Animation #22.
15:22:42 : มินิบอย saved Animation #24.
15:27:03 : มินิบอย saved Spell #1.
15:27:03 : มินิบอย saved Spell #91.
15:27:03 : มินิบอย saved Spell #95.
15:28:01 : มินิบอย saved Spell #1.
15:28:01 : มินิบอย saved Spell #95.
15:28:01 : มินิบอย saved Spell #96.
15:31:51 : มินิบอย saved Spell #1.
15:31:51 : มินิบอย saved Spell #93.
15:31:51 : มินิบอย saved Spell #95.
15:32:21 : มินิบอย saved item #1.
15:32:21 : มินิบอย saved item #4.
15:32:21 : มินิบอย saved item #5.
15:36:28 : มินิบอย saved Spell #1.
15:36:28 : มินิบอย saved Spell #93.
15:36:55 : มินิบอย saved Spell #1.
15:36:55 : มินิบอย saved Spell #93.
15:40:00 : มินิบอย saved Spell #1.
15:40:00 : มินิบอย saved Spell #97.
15:41:19 : มินิบอย saved Spell #1.
15:41:19 : มินิบอย saved Spell #93.
15:41:19 : มินิบอย saved Spell #97.
15:43:26 : มินิบอย saved Spell #1.
15:43:26 : มินิบอย saved Spell #33.
15:43:26 : มินิบอย saved Spell #45.
15:43:26 : มินิบอย saved Spell #97.
15:46:21 : มินิบอย saved Spell #1.
15:46:21 : มินิบอย saved Spell #95.
15:46:21 : มินิบอย saved Spell #96.
15:47:41 : มินิบอย saved Spell #1.
15:47:41 : มินิบอย saved Spell #94.
15:49:22 : มินิบอย saved Npc #1.
15:49:22 : มินิบอย saved Npc #199.
15:49:22 : มินิบอย saved Npc #253.
0:13:00 : มินิบอย saved Npc #1.
0:14:50 : มินิบอย saved Npc #1.
0:15:14 : มินิบอย saved Npc #1.
0:18:38 : มินิบอย saved Npc #1.
0:20:39 : มินิบอย saved Npc #1.
0:20:39 : มินิบอย saved Npc #2.
0:20:39 : มินิบอย saved Npc #3.
0:20:39 : มินิบอย saved Npc #4.
0:20:39 : มินิบอย saved Npc #5.
0:20:39 : มินิบอย saved Npc #6.
0:20:39 : มินิบอย saved Npc #7.
0:20:39 : มินิบอย saved Npc #8.
0:20:39 : มินิบอย saved Npc #9.
0:20:39 : มินิบอย saved Npc #10.
0:20:39 : มินิบอย saved Npc #11.
0:20:39 : มินิบอย saved Npc #12.
0:20:39 : มินิบอย saved Npc #13.
0:20:39 : มินิบอย saved Npc #14.
0:20:39 : มินิบอย saved Npc #15.
0:20:39 : มินิบอย saved Npc #16.
0:20:39 : มินิบอย saved Npc #17.
0:20:39 : มินิบอย saved Npc #18.
0:20:39 : มินิบอย saved Npc #19.
0:20:39 : มินิบอย saved Npc #20.
0:20:39 : มินิบอย saved Npc #21.
0:20:39 : มินิบอย saved Npc #22.
0:20:39 : มินิบอย saved Npc #23.
0:20:39 : มินิบอย saved Npc #24.
0:20:39 : มินิบอย saved Npc #25.
0:20:39 : มินิบอย saved Npc #26.
0:20:39 : มินิบอย saved Npc #27.
0:20:39 : มินิบอย saved Npc #28.
0:20:39 : มินิบอย saved Npc #29.
0:20:39 : มินิบอย saved Npc #30.
0:20:39 : มินิบอย saved Npc #31.
0:20:39 : มินิบอย saved Npc #32.
0:20:39 : มินิบอย saved Npc #33.
0:20:39 : มินิบอย saved Npc #34.
0:20:39 : มินิบอย saved Npc #35.
0:20:39 : มินิบอย saved Npc #36.
0:20:39 : มินิบอย saved Npc #199.
0:20:39 : มินิบอย saved Npc #253.
0:20:39 : มินิบอย saved Npc #254.
0:20:39 : มินิบอย saved Npc #255.
0:21:09 : มินิบอย saved Npc #1.
0:21:09 : มินิบอย saved Npc #10.
0:21:09 : มินิบอย saved Npc #11.
0:21:09 : มินิบอย saved Npc #12.
0:21:09 : มินิบอย saved Npc #13.
0:21:09 : มินิบอย saved Npc #14.
0:32:39 : มินิบอย saved Npc #1.
0:32:39 : มินิบอย saved Npc #253.
0:46:30 : มินิบอย saved Npc #1.
0:46:30 : มินิบอย saved Npc #10.
0:46:30 : มินิบอย saved Npc #11.
0:46:30 : มินิบอย saved Npc #12.
0:46:30 : มินิบอย saved Npc #13.
0:46:30 : มินิบอย saved Npc #14.
0:46:30 : มินิบอย saved Npc #29.
0:46:30 : มินิบอย saved Npc #30.
0:46:30 : มินิบอย saved Npc #31.
0:46:30 : มินิบอย saved Npc #32.
0:46:30 : มินิบอย saved Npc #33.
0:46:30 : มินิบอย saved Npc #34.
0:46:30 : มินิบอย saved Npc #35.
0:48:14 : มินิบอย saved Npc #1.
0:48:14 : มินิบอย saved Npc #17.
12:28:29 : มินิบอย saved Animation #1.
12:28:29 : มินิบอย saved Animation #2.
12:28:29 : มินิบอย saved Animation #3.
12:28:29 : มินิบอย saved Animation #5.
12:28:29 : มินิบอย saved Animation #6.
12:28:29 : มินิบอย saved Animation #8.
12:28:29 : มินิบอย saved Animation #9.
12:28:29 : มินิบอย saved Animation #11.
12:28:29 : มินิบอย saved Animation #12.
12:28:29 : มินิบอย saved Animation #13.
12:28:29 : มินิบอย saved Animation #14.
12:30:58 : มินิบอย saved Animation #1.
12:32:40 : มินิบอย saved Animation #1.
12:32:40 : มินิบอย saved Animation #14.
12:33:30 : มินิบอย saved Animation #1.
12:33:30 : มินิบอย saved Animation #243.
12:33:30 : มินิบอย saved Animation #244.
12:33:30 : มินิบอย saved Animation #245.
12:33:30 : มินิบอย saved Animation #246.
12:33:30 : มินิบอย saved Animation #247.
12:33:30 : มินิบอย saved Animation #248.
12:34:15 : มินิบอย saved Npc #1.
12:34:38 : มินิบอย saved Npc #1.
12:34:38 : มินิบอย saved Npc #2.
12:34:38 : มินิบอย saved Npc #4.
12:37:28 : มินิบอย saved Npc #1.
12:41:42 : มินิบอย saved Npc #1.
12:43:47 : มินิบอย saved Npc #1.
12:55:23 : มินิบอย saved Resource #1.
12:55:41 : มินิบอย saved Resource #1.
13:00:07 : มินิบอย saved Resource #1.
13:00:18 : มินิบอย saved Resource #1.
13:00:40 : มินิบอย saved Resource #1.
13:01:07 : มินิบอย saved Resource #1.
13:01:16 : มินิบอย saved item #1.
13:01:16 : มินิบอย saved item #6.
22:15:43 : มินิบอย saved Resource #1.
22:15:53 : มินิบอย saved Resource #1.
22:37:01 : มินิบอย saved Resource #1.
22:38:25 : มินิบอย saved Resource #1.
9:03:22 : มินิบอย saved Animation #1.
9:03:22 : มินิบอย saved Animation #6.
9:03:22 : มินิบอย saved Animation #13.
9:03:22 : มินิบอย saved Animation #20.
9:03:22 : มินิบอย saved Animation #24.
9:03:22 : มินิบอย saved Animation #25.
9:03:22 : มินิบอย saved Animation #26.
9:04:43 : มินิบอย saved Animation #1.
9:04:43 : มินิบอย saved Animation #4.
9:04:43 : มินิบอย saved Animation #5.
9:04:43 : มินิบอย saved Animation #6.
9:04:43 : มินิบอย saved Animation #7.
9:04:43 : มินิบอย saved Animation #8.
9:04:43 : มินิบอย saved Animation #9.
9:04:43 : มินิบอย saved Animation #10.
9:04:43 : มินิบอย saved Animation #11.
9:04:43 : มินิบอย saved Animation #12.
9:04:43 : มินิบอย saved Animation #13.
9:04:43 : มินิบอย saved Animation #14.
9:04:43 : มินิบอย saved Animation #24.
9:05:11 : มินิบอย saved Spell #1.
9:05:11 : มินิบอย saved Spell #64.
9:05:43 : มินิบอย saved Spell #1.
9:05:43 : มินิบอย saved Spell #93.
9:05:43 : มินิบอย saved Spell #94.
9:05:43 : มินิบอย saved Spell #95.
9:05:43 : มินิบอย saved Spell #96.
9:05:43 : มินิบอย saved Spell #97.
9:07:06 : มินิบอย saved Animation #1.
9:07:06 : มินิบอย saved Animation #249.
9:07:06 : มินิบอย saved Animation #250.
9:07:06 : มินิบอย saved Animation #251.
9:07:06 : มินิบอย saved Animation #252.
9:07:06 : มินิบอย saved Animation #253.
9:07:06 : มินิบอย saved Animation #254.
9:14:08 : มินิบอย saved Npc #1.
9:14:08 : มินิบอย saved Npc #3.
9:14:08 : มินิบอย saved Npc #8.
9:14:08 : มินิบอย saved Npc #10.
9:14:08 : มินิบอย saved Npc #17.
9:14:08 : มินิบอย saved Npc #18.
9:14:08 : มินิบอย saved Npc #22.
9:14:08 : มินิบอย saved Npc #23.
9:14:08 : มินิบอย saved Npc #24.
9:14:08 : มินิบอย saved Npc #25.
21:45:54 : มินิบอย ได้วาร์ปไปยังแผนที่ #7.
21:45:57 : มินิบอย ได้วาร์ปไปยังแผนที่ #8.
21:45:58 : มินิบอย ได้วาร์ปไปยังแผนที่ #9.
21:46:01 : มินิบอย ได้วาร์ปไปยังแผนที่ #10.
21:46:04 : มินิบอย ได้วาร์ปไปยังแผนที่ #11.
21:48:21 : มินิบอย ได้วาร์ปไปยังแผนที่ #11.
21:48:23 : มินิบอย ได้วาร์ปไปยังแผนที่ #12.
21:48:26 : มินิบอย ได้วาร์ปไปยังแผนที่ #13.
21:48:32 : มินิบอย ได้วาร์ปไปยังแผนที่ #14.
21:48:37 : มินิบอย ได้วาร์ปไปยังแผนที่ #14.
21:48:39 : มินิบอย ได้วาร์ปไปยังแผนที่ #15.
21:48:41 : มินิบอย ได้วาร์ปไปยังแผนที่ #16.
21:49:28 : มินิบอย ได้วาร์ปไปยังแผนที่ #17.
21:52:11 : มินิบอย saved Npc #1.
21:52:11 : มินิบอย saved Npc #8.
21:52:11 : มินิบอย saved Npc #12.
21:52:11 : มินิบอย saved Npc #16.
21:52:11 : มินิบอย saved Npc #19.
21:52:11 : มินิบอย saved Npc #22.
21:52:11 : มินิบอย saved Npc #32.
21:52:11 : มินิบอย saved Npc #34.
21:52:11 : มินิบอย saved Npc #35.
21:52:11 : มินิบอย saved Npc #37.
21:52:15 : มินิบอย ได้วาร์ปไปยังแผนที่ #18.
21:52:21 : มินิบอย ได้วาร์ปไปยังแผนที่ #20.
21:53:04 : มินิบอย ได้วาร์ปไปยังแผนที่ #21.
21:57:30 : มินิบอย ได้วาร์ปไปยังแผนที่ #17.
21:57:36 : มินิบอย ได้วาร์ปไปยังแผนที่ #18.
21:57:42 : มินิบอย ได้วาร์ปไปยังแผนที่ #19.
21:58:16 : มินิบอย ได้วาร์ปไปยังแผนที่ #20.
21:59:07 : มินิบอย ได้วาร์ปไปยังแผนที่ #21.
21:59:11 : มินิบอย ได้วาร์ปไปยังแผนที่ #22.
21:59:15 : มินิบอย ได้วาร์ปไปยังแผนที่ #23.
21:59:19 : มินิบอย ได้วาร์ปไปยังแผนที่ #100.
21:59:22 : มินิบอย ได้วาร์ปไปยังแผนที่ #101.
21:59:24 : มินิบอย ได้วาร์ปไปยังแผนที่ #102.
21:59:26 : มินิบอย ได้วาร์ปไปยังแผนที่ #200.
22:00:32 : มินิบอย saved Npc #1.
22:00:32 : มินิบอย saved Npc #35.
22:01:38 : มินิบอย saved Spell #1.
22:01:38 : มินิบอย saved Spell #255.
22:07:05 : มินิบอย saved Npc #1.
22:07:05 : มินิบอย saved Npc #35.
22:07:20 : มินิบอย saved Npc #1.
22:07:20 : มินิบอย saved Npc #35.
22:16:20 : มินิบอย saved item #1.
22:16:20 : มินิบอย saved item #4.
22:16:20 : มินิบอย saved item #5.
22:16:20 : มินิบอย saved item #6.
22:16:20 : มินิบอย saved item #8.
22:16:20 : มินิบอย saved item #11.
22:16:20 : มินิบอย saved item #13.
22:16:20 : มินิบอย saved item #15.
22:16:20 : มินิบอย saved item #17.
22:16:20 : มินิบอย saved item #18.
22:16:20 : มินิบอย saved item #19.
22:20:21 : มินิบอย saved Npc #1.
22:20:21 : มินิบอย saved Npc #34.
22:20:21 : มินิบอย saved Npc #35.
22:20:30 : มินิบอย ได้วาร์ปไปยังแผนที่ #200.
22:21:09 : มินิบอย ได้วาร์ปไปยังแผนที่ #200.
22:22:07 : มินิบอย saved item #1.
22:22:07 : มินิบอย saved item #4.
22:22:07 : มินิบอย saved item #6.
22:24:07 : มินิบอย saved Npc #1.
22:24:07 : มินิบอย saved Npc #35.
22:24:35 : มินิบอย ได้วาร์ปไปยังแผนที่ #200.
22:35:32 : มินิบอย ได้วาร์ปไปยังแผนที่ #200.
22:36:12 : มินิบอย saved item #1.
22:36:12 : มินิบอย saved item #4.
22:36:12 : มินิบอย saved item #6.
22:36:28 : มินิบอย ได้วาร์ปไปยังแผนที่ #200.
22:46:24 : มินิบอย ได้วาร์ปไปยังแผนที่ #200.
22:56:15 : มินิบอย saved item #1.
22:56:15 : มินิบอย saved item #7.
22:56:15 : มินิบอย saved item #9.
22:56:15 : มินิบอย saved item #10.
9:40:16 : มินิบอย saved item #1.
9:40:16 : มินิบอย saved item #3.
9:40:16 : มินิบอย saved item #4.
9:40:16 : มินิบอย saved item #5.
9:40:16 : มินิบอย saved item #6.
9:40:16 : มินิบอย saved item #7.
20:22:28 : มินิบอย saved Spell #1.
20:22:28 : มินิบอย saved Spell #94.
20:50:28 : มินิบอย saved Spell #1.
20:50:28 : มินิบอย saved Spell #94.
20:50:28 : มินิบอย saved Spell #95.
20:50:28 : มินิบอย saved Spell #96.
20:50:28 : มินิบอย saved Spell #97.
20:50:28 : มินิบอย saved Spell #98.
20:50:28 : มินิบอย saved Spell #99.
20:51:54 : มินิบอย saved Spell #1.
20:51:54 : มินิบอย saved Spell #98.
21:04:16 : มินิบอย saved item #1.
21:04:16 : มินิบอย saved item #498.
21:04:16 : มินิบอย saved item #500.
21:05:45 : มินิบอย saved item #1.
21:05:45 : มินิบอย saved item #500.
21:12:21 : มินิบอย saved item #1.
21:12:21 : มินิบอย saved item #499.
21:15:10 : มินิบอย saved item #1.
21:15:10 : มินิบอย saved item #499.
21:15:10 : มินิบอย saved item #500.
21:15:20 : มินิบอย saved item #1.
21:15:20 : มินิบอย saved item #499.
21:15:34 : มินิบอย saved item #1.
21:15:34 : มินิบอย saved item #499.
21:16:32 : มินิบอย saved item #1.
21:16:32 : มินิบอย saved item #499.
21:17:29 : มินิบอย saved item #1.
21:17:29 : มินิบอย saved item #499.
21:17:29 : มินิบอย saved item #500.
21:18:32 : มินิบอย saved item #1.
21:18:32 : มินิบอย saved item #499.
21:21:48 : มินิบอย saved item #1.
21:21:48 : มินิบอย saved item #499.
21:25:35 : มินิบอย saved item #1.
21:25:35 : มินิบอย saved item #480.
21:25:35 : มินิบอย saved item #498.
21:25:35 : มินิบอย saved item #500.
21:27:28 : มินิบอย saved item #1.
21:27:28 : มินิบอย saved item #500.
1:24:10 : มินิบอย saved item #1.
1:24:10 : มินิบอย saved item #499.
1:26:00 : มินิบอย ได้วาร์ปไปยังแผนที่ #1.
1:26:03 : มินิบอย ได้วาร์ปไปยังแผนที่ #1.
1:26:05 : มินิบอย ได้วาร์ปไปยังแผนที่ #1.
1:26:06 : มินิบอย ได้วาร์ปไปยังแผนที่ #1.
1:26:06 : มินิบอย ได้วาร์ปไปยังแผนที่ #1.
1:26:06 : มินิบอย ได้วาร์ปไปยังแผนที่ #1.
8:31:43 : มินิบอย saved item #1.
8:31:43 : มินิบอย saved item #480.
8:31:43 : มินิบอย saved item #499.
8:31:43 : มินิบอย saved item #500.
8:31:59 : มินิบอย saved item #1.
8:31:59 : มินิบอย saved item #479.
8:31:59 : มินิบอย saved item #480.
8:32:49 : มินิบอย saved item #1.
8:32:49 : มินิบอย saved item #480.
8:33:01 : มินิบอย saved item #1.
8:33:01 : มินิบอย saved item #480.
8:36:31 : มินิบอย saved item #1.
8:36:31 : มินิบอย saved item #499.
8:39:27 : มินิบอย saved Spell #1.
8:39:27 : มินิบอย saved Spell #95.
8:39:27 : มินิบอย saved Spell #96.
8:39:27 : มินิบอย saved Spell #97.
8:41:30 : มินิบอย saved Animation #1.
8:41:30 : มินิบอย saved Animation #252.
8:41:30 : มินิบอย saved Animation #253.
8:41:30 : มินิบอย saved Animation #254.
8:52:45 : มินิบอย saved item #1.
8:52:45 : มินิบอย saved item #500.
14:38:20 : มินิบอย saved Spell #1.
14:38:20 : มินิบอย saved Spell #95.
14:38:20 : มินิบอย saved Spell #96.
14:38:33 : มินิบอย saved Npc #1.
14:38:33 : มินิบอย saved Npc #10.
14:38:41 : มินิบอยได้เริ่มนับการเกิดใหม่ของ npc ในแผนที่ #6
14:39:22 : มินิบอย saved Spell #1.
14:39:22 : มินิบอย saved Spell #93.
14:39:22 : มินิบอย saved Spell #94.
14:39:22 : มินิบอย saved Spell #95.
14:39:22 : มินิบอย saved Spell #96.
14:39:22 : มินิบอย saved Spell #97.
14:39:22 : มินิบอย saved Spell #98.
14:39:22 : มินิบอย saved Spell #99.
14:39:53 : มินิบอย saved Spell #1.
14:39:53 : มินิบอย saved Spell #96.
14:40:11 : มินิบอย saved Npc #1.
14:40:11 : มินิบอย saved Npc #12.
14:41:06 : มินิบอย saved Npc #1.
14:41:06 : มินิบอย saved Npc #10.
14:41:06 : มินิบอย saved Npc #12.
14:41:06 : มินิบอย saved Npc #13.
14:41:48 : มินิบอย saved Npc #1.
14:41:48 : มินิบอย saved Npc #10.
14:41:48 : มินิบอย saved Npc #12.
18:59:39 : มินิบอย ได้วาร์ปไปยังแผนที่ #9.
18:59:40 : มินิบอย ได้วาร์ปไปยังแผนที่ #8.
19:00:21 : มินิบอย ได้วาร์ปไปยังแผนที่ #8.
19:57:10 : มินิบอย ได้วาร์ปไปยังแผนที่ #8.
19:57:31 : มินิบอย ได้วาร์ปไปยังแผนที่ #8.
19:57:51 : มินิบอย ได้วาร์ปไปยังแผนที่ #8.
19:58:03 : มินิบอย ได้วาร์ปไปยังแผนที่ #8.
19:58:10 : มินิบอย ได้วาร์ปไปยังแผนที่ #8.
11:33:14 : มินิบอย saved Resource #1.
11:36:21 : มินิบอย saved Resource #1.
18:15:14 : มินิบอย saved Animation #1.
18:15:14 : มินิบอย saved Animation #3.
18:15:14 : มินิบอย saved Animation #27.
18:15:58 : มินิบอย saved Animation #1.
18:15:58 : มินิบอย saved Animation #27.
18:16:26 : มินิบอย saved Animation #1.
18:16:26 : มินิบอย saved Animation #27.
18:22:04 : มินิบอย saved Animation #1.
18:22:04 : มินิบอย saved Animation #27.
18:22:47 : มินิบอย saved Animation #1.
18:22:47 : มินิบอย saved Animation #27.
22:09:24 : มินิบอย ได้วาร์ปไปยังแผนที่ #2.
22:09:37 : มินิบอย ได้วาร์ปไปยังแผนที่ #3.
17:13:20 : จีเอ็มบอย saved item #1.
17:13:20 : จีเอ็มบอย saved item #13.
12:59:06 : จีเอ็มบอย saved Npc #1.
12:59:06 : จีเอ็มบอย saved Npc #253.
12:59:18 : จีเอ็มบอย saved Npc #1.
12:59:18 : จีเอ็มบอย saved Npc #253.
12:59:31 : จีเอ็มบอย saved Npc #1.
12:59:31 : จีเอ็มบอย saved Npc #253.
13:01:10 : จีเอ็มบอย saved Npc #1.
13:01:10 : จีเอ็มบอย saved Npc #253.
13:01:13 : จีเอ็มบอยได้เริ่มนับการเกิดใหม่ของ npc ในแผนที่ #8
13:06:42 : จีเอ็มบอยได้เริ่มนับการเกิดใหม่ของ npc ในแผนที่ #8
13:07:32 : จีเอ็มบอย saved Npc #1.
13:07:32 : จีเอ็มบอย saved Npc #253.
13:07:45 : จีเอ็มบอย saved Npc #1.
13:07:45 : จีเอ็มบอย saved Npc #253.
13:19:12 : จีเอ็มบอยได้เริ่มนับการเกิดใหม่ของ npc ในแผนที่ #8
13:19:21 : จีเอ็มบอยได้เริ่มนับการเกิดใหม่ของ npc ในแผนที่ #8
13:28:49 : แอนติเมจ saved Spell #1.
13:28:49 : แอนติเมจ saved Spell #54.
13:28:49 : แอนติเมจ saved Spell #55.
13:39:52 : แอนติเมจ saved item #1.
13:39:52 : แอนติเมจ saved item #10.
13:39:52 : แอนติเมจ saved item #11.
13:39:52 : แอนติเมจ saved item #12.
13:39:52 : แอนติเมจ saved item #31.
17:55:03 : จีเอ็มบอยได้เริ่มนับการเกิดใหม่ของ npc ในแผนที่ #8
17:56:58 : จีเอ็มบอย saved Npc #1.
17:56:58 : จีเอ็มบอย saved Npc #253.
17:57:08 : จีเอ็มบอย saved Npc #1.
17:57:08 : จีเอ็มบอย saved Npc #253.
17:59:22 : จีเอ็มบอย saved Npc #1.
17:59:22 : จีเอ็มบอย saved Npc #253.
17:59:22 : จีเอ็มบอย saved Npc #254.
17:59:22 : จีเอ็มบอย saved Npc #255.
18:01:49 : จีเอ็มบอย saved Npc #1.
18:01:49 : จีเอ็มบอย saved Npc #255.
18:03:44 : จีเอ็มบอย saved Npc #1.
18:03:44 : จีเอ็มบอย saved Npc #253.
18:03:44 : จีเอ็มบอย saved Npc #254.
18:03:44 : จีเอ็มบอย saved Npc #255.
18:09:22 : จีเอ็มบอยได้เริ่มนับการเกิดใหม่ของ npc ในแผนที่ #1
18:10:18 : จีเอ็มบอยได้เริ่มนับการเกิดใหม่ของ npc ในแผนที่ #8
18:23:18 : Theboy01 saved Npc #1.
18:23:18 : Theboy01 saved Npc #255.
18:41:18 : จัสมิน saved item #1.
18:41:18 : จัสมิน saved item #10.
15:47:08 : Theboy01 saved Spell #1.
15:47:08 : Theboy01 saved Spell #33.
15:47:09 : Theboy01 saved Spell #34.
15:47:09 : Theboy01 saved Spell #35.
15:47:09 : Theboy01 saved Spell #36.
15:47:09 : Theboy01 saved Spell #37.
15:47:09 : Theboy01 saved Spell #38.
15:47:09 : Theboy01 saved Spell #39.
15:47:09 : Theboy01 saved Spell #45.
15:47:09 : Theboy01 saved Spell #46.
15:47:09 : Theboy01 saved Spell #47.
15:47:09 : Theboy01 saved Spell #48.
15:47:09 : Theboy01 saved Spell #49.
15:47:09 : Theboy01 saved Spell #56.
15:47:09 : Theboy01 saved Spell #57.
15:47:09 : Theboy01 saved Spell #58.
15:47:09 : Theboy01 saved Spell #59.
15:47:09 : Theboy01 saved Spell #61.
15:47:09 : Theboy01 saved Spell #65.
15:47:09 : Theboy01 saved Spell #66.
15:47:09 : Theboy01 saved Spell #67.
15:47:09 : Theboy01 saved Spell #68.
15:47:09 : Theboy01 saved Spell #69.
15:47:09 : Theboy01 saved Spell #73.
15:47:09 : Theboy01 saved Spell #75.
15:47:09 : Theboy01 saved Spell #76.
15:47:09 : Theboy01 saved Spell #77.
15:47:09 : Theboy01 saved Spell #78.
15:47:09 : Theboy01 saved Spell #79.
15:47:09 : Theboy01 saved Spell #83.
15:47:09 : Theboy01 saved Spell #84.
15:47:09 : Theboy01 saved Spell #85.
15:47:09 : Theboy01 saved Spell #86.
15:47:09 : Theboy01 saved Spell #87.
15:47:09 : Theboy01 saved Spell #88.
15:47:09 : Theboy01 saved Spell #89.
15:47:09 : Theboy01 saved Spell #99.
15:47:09 : Theboy01 saved Spell #103.
15:47:09 : Theboy01 saved Spell #104.
15:47:09 : Theboy01 saved Spell #105.
15:47:09 : Theboy01 saved Spell #106.
15:47:09 : Theboy01 saved Spell #107.
15:47:09 : Theboy01 saved Spell #108.
15:47:09 : Theboy01 saved Spell #109.
15:47:09 : Theboy01 saved Spell #113.
15:47:09 : Theboy01 saved Spell #114.
15:47:09 : Theboy01 saved Spell #115.
15:47:09 : Theboy01 saved Spell #116.
15:47:09 : Theboy01 saved Spell #117.
16:06:29 : Theboy01 saved Spell #1.
16:06:29 : Theboy01 saved Spell #53.
21:13:14 : Theboy01 saved item #1.
21:13:14 : Theboy01 saved item #498.
21:14:06 : Theboy01 saved Npc #1.
21:14:06 : Theboy01 saved Npc #253.
21:14:06 : Theboy01 saved Npc #254.
21:14:06 : Theboy01 saved Npc #255.
21:16:43 : Theboy01 saved Npc #1.
21:16:43 : Theboy01 saved Npc #255.
11:42:21 : Theboy01ได้เริ่มนับการเกิดใหม่ของ npc ในแผนที่ #1
11:42:24 : Theboy01ได้เริ่มนับการเกิดใหม่ของ npc ในแผนที่ #1
11:42:25 : Theboy01ได้เริ่มนับการเกิดใหม่ของ npc ในแผนที่ #1
14:06:49 : Larbellar has warped to ใจร้าย, map #1.
14:08:41 : Theboy01 ได้วาร์ปไปยังแผนที่ #200.
14:09:08 : Theboy01 ได้วาร์ปไปยังแผนที่ #1.
14:10:24 : Larbellar ได้วาร์ปไปยังแผนที่ #200.
14:13:30 : Larbellar has warped ใจร้าย to self, map #200.
14:13:38 : Larbellar has warped to ใจร้าย, map #1.
14:14:34 : Theboy01 ได้วาร์ปไปยังแผนที่ #200.
14:14:38 : Theboy01 ได้วาร์ปไปยังแผนที่ #1.
14:17:18 : Larbellar ได้วาร์ปไปยังแผนที่ #200.
14:17:33 : Larbellar has warped to ใจร้าย, map #1.
14:24:19 : Larbellar ได้วาร์ปไปยังแผนที่ #200.
14:24:21 : Larbellar has warped to สโลว์, map #1.
14:24:23 : Larbellar ได้วาร์ปไปยังแผนที่ #200.
14:24:24 : Larbellar has warped สโลว์ to self, map #200.
14:24:40 : Larbellar has warped สโลว์ to self, map #200.
14:24:46 : Larbellar has warped to สโลว์, map #1.
14:24:48 : Larbellar has warped to สโลว์, map #1.
14:24:50 : Larbellar has warped to สโลว์, map #1.
14:35:35 : Theboy01 saved Spell #1.
14:35:35 : Theboy01 saved Spell #82.
14:35:35 : Theboy01 saved Spell #83.
14:37:33 : Theboy01 saved item #1.
14:37:33 : Theboy01 saved item #14.
20:40:08 : Theboy01 saved item #1.
20:40:08 : Theboy01 saved item #2.
20:40:08 : Theboy01 saved item #17.
20:40:08 : Theboy01 saved item #18.
20:40:08 : Theboy01 saved item #19.
20:40:08 : Theboy01 saved item #20.
20:40:08 : Theboy01 saved item #21.
20:40:08 : Theboy01 saved item #42.
20:41:02 : Theboy01 saved item #1.
20:41:02 : Theboy01 saved item #21.
20:41:58 : Theboy01 saved item #1.
20:41:58 : Theboy01 saved item #498.
20:41:58 : Theboy01 saved item #499.
20:41:58 : Theboy01 saved item #500.
20:42:14 : Theboy01 saved item #1.
20:42:14 : Theboy01 saved item #21.
20:42:52 : Theboy01 saved item #1.
20:42:52 : Theboy01 saved item #21.
20:43:14 : Theboy01 saved item #1.
20:43:14 : Theboy01 saved item #480.
20:53:37 : Theboy01 saved item #1.
20:53:37 : Theboy01 saved item #3.
20:53:37 : Theboy01 saved item #4.
20:53:37 : Theboy01 saved item #5.
20:53:37 : Theboy01 saved item #6.
20:53:37 : Theboy01 saved item #7.
20:53:37 : Theboy01 saved item #8.
20:53:37 : Theboy01 saved item #9.
20:53:37 : Theboy01 saved item #10.
20:53:37 : Theboy01 saved item #11.
20:53:37 : Theboy01 saved item #12.
20:53:37 : Theboy01 saved item #13.
20:53:37 : Theboy01 saved item #14.
20:53:37 : Theboy01 saved item #21.
20:53:37 : Theboy01 saved item #22.
20:53:37 : Theboy01 saved item #23.
20:53:37 : Theboy01 saved item #24.
20:59:15 : Theboy01 saved item #1.
20:59:34 : Theboy01 saving shop #1.
21:00:48 : Theboy01 saving shop #1.
13:08:07 : แมวเหมียว saved item #1.
13:08:07 : แมวเหมียว saved item #13.
13:08:07 : แมวเหมียว saved item #14.
13:08:07 : แมวเหมียว saved item #15.
13:08:07 : แมวเหมียว saved item #18.
13:09:48 : แมวเหมียว saved item #1.
13:09:48 : แมวเหมียว saved item #14.
13:10:03 : แมวเหมียว saved item #1.
13:10:03 : แมวเหมียว saved item #14.
13:10:40 : แมวเหมียว saved Spell #1.
13:10:40 : แมวเหมียว saved Spell #83.
13:10:40 : แมวเหมียว saved Spell #84.
13:20:10 : แมวเหมียว ได้วาร์ปไปยังแผนที่ #12.
13:20:11 : แมวเหมียว ได้วาร์ปไปยังแผนที่ #13.
13:20:13 : แมวเหมียว ได้วาร์ปไปยังแผนที่ #14.
13:20:14 : แมวเหมียว ได้วาร์ปไปยังแผนที่ #15.
13:20:16 : แมวเหมียว ได้วาร์ปไปยังแผนที่ #16.
13:20:27 : แมวเหมียว ได้วาร์ปไปยังแผนที่ #17.
13:20:28 : แมวเหมียว ได้วาร์ปไปยังแผนที่ #18.
13:20:29 : แมวเหมียว ได้วาร์ปไปยังแผนที่ #19.
13:20:30 : แมวเหมียว ได้วาร์ปไปยังแผนที่ #20.
13:20:32 : แมวเหมียว ได้วาร์ปไปยังแผนที่ #21.
13:20:36 : แมวเหมียว ได้วาร์ปไปยังแผนที่ #22.
13:20:38 : แมวเหมียว ได้วาร์ปไปยังแผนที่ #33.
13:20:40 : แมวเหมียว ได้วาร์ปไปยังแผนที่ #23.
13:20:47 : Larbellar ได้วาร์ปไปยังแผนที่ #23.
13:25:17 : แมวเหมียว ได้วาร์ปไปยังแผนที่ #24.
13:29:01 : Larbellar ได้วาร์ปไปยังแผนที่ #24.
13:29:09 : Larbellar ได้วาร์ปไปยังแผนที่ #23.
13:29:12 : Larbellar ได้วาร์ปไปยังแผนที่ #22.
13:29:25 : แมวเหมียว ได้วาร์ปไปยังแผนที่ #22.
13:29:34 : Larbellar ได้วาร์ปไปยังแผนที่ #21.
13:29:34 : Larbellar ได้วาร์ปไปยังแผนที่ #21.
13:29:41 : Larbellar ได้วาร์ปไปยังแผนที่ #20.
13:29:44 : แมวเหมียว ได้วาร์ปไปยังแผนที่ #24.
13:29:50 : Larbellar ได้วาร์ปไปยังแผนที่ #23.
13:31:12 : แมวเหมียว ได้วาร์ปไปยังแผนที่ #25.
13:41:07 : แมวเหมียว saved Npc #1.
13:41:07 : แมวเหมียว saved Npc #29.
13:41:08 : แมวเหมียวได้เริ่มนับการเกิดใหม่ของ npc ในแผนที่ #25
14:11:00 : Larbellar ได้วาร์ปไปยังแผนที่ #23.
11:06:17 : Larbellar ได้วาร์ปไปยังแผนที่ #24.
11:07:15 : Larbellar ได้วาร์ปไปยังแผนที่ #25.
11:07:56 : Larbellar ได้วาร์ปไปยังแผนที่ #26.
11:56:57 : Larbellar saved Npc #1.
11:56:57 : Larbellar saved Npc #31.
11:56:57 : Larbellar saved Npc #32.
11:56:57 : Larbellar saved Npc #33.
11:56:57 : Larbellar saved Npc #34.
11:56:57 : Larbellar saved Npc #35.
11:56:57 : Larbellar saved Npc #36.
12:16:26 : Larbellar ได้วาร์ปไปยังแผนที่ #25.
12:16:36 : Larbellar ได้วาร์ปไปยังแผนที่ #26.
12:16:51 : Larbellar ได้วาร์ปไปยังแผนที่ #20.
12:17:07 : Larbellar ได้วาร์ปไปยังแผนที่ #15.
12:17:21 : Larbellar ได้วาร์ปไปยังแผนที่ #26.
13:02:08 : SirMan ได้วาร์ปไปยังแผนที่ #26.
15:21:21 : SirMan ได้วาร์ปไปยังแผนที่ #26.
15:28:38 : SirMan ได้วาร์ปไปยังแผนที่ #1.
15:29:19 : SirMan ได้วาร์ปไปยังแผนที่ #2.
15:37:39 : SirMan ได้วาร์ปไปยังแผนที่ #26.
15:47:30 : SirMan ได้วาร์ปไปยังแผนที่ #27.
15:50:28 : SirMan ได้วาร์ปไปยังแผนที่ #26.
15:59:28 : SirMan ได้วาร์ปไปยังแผนที่ #27.
20:42:18 : Larbellar ได้วาร์ปไปยังแผนที่ #24.
20:42:23 : Larbellar ได้วาร์ปไปยังแผนที่ #25.
20:42:29 : Larbellar ได้วาร์ปไปยังแผนที่ #26.
21:10:21 : SirMan ได้วาร์ปไปยังแผนที่ #26.
21:11:00 : SirMan ได้วาร์ปไปยังแผนที่ #27.
21:11:11 : SirMan ได้วาร์ปไปยังแผนที่ #26.
21:14:28 : SirManได้เริ่มนับการเกิดใหม่ของ npc ในแผนที่ #26
21:29:09 : SirMan ได้วาร์ปไปยังแผนที่ #27.
14:18:34 : SirMan ได้วาร์ปไปยังแผนที่ #26.
14:18:57 : SirMan ได้วาร์ปไปยังแผนที่ #27.
15:30:36 : แมวเหมียว saved item #1.
15:30:36 : แมวเหมียว saved item #10.
15:30:36 : แมวเหมียว saved item #11.
15:30:36 : แมวเหมียว saved item #13.
15:30:36 : แมวเหมียว saved item #14.
15:32:42 : แมวเหมียว saved item #1.
15:32:42 : แมวเหมียว saved item #13.
15:32:42 : แมวเหมียว saved item #14.
15:45:25 : แมวเหมียว ได้วาร์ปไปยังแผนที่ #1.
15:45:28 : แมวเหมียว ได้วาร์ปไปยังแผนที่ #2.
15:45:29 : แมวเหมียว ได้วาร์ปไปยังแผนที่ #3.
15:45:30 : แมวเหมียว ได้วาร์ปไปยังแผนที่ #4.
15:45:31 : แมวเหมียว ได้วาร์ปไปยังแผนที่ #5.
15:45:33 : แมวเหมียว ได้วาร์ปไปยังแผนที่ #6.
15:45:35 : แมวเหมียว ได้วาร์ปไปยังแผนที่ #7.
15:45:37 : แมวเหมียว ได้วาร์ปไปยังแผนที่ #8.
15:45:39 : แมวเหมียว ได้วาร์ปไปยังแผนที่ #9.
15:45:40 : แมวเหมียว ได้วาร์ปไปยังแผนที่ #10.
15:45:43 : แมวเหมียว ได้วาร์ปไปยังแผนที่ #11.
15:45:46 : แมวเหมียว ได้วาร์ปไปยังแผนที่ #12.
15:45:49 : แมวเหมียว ได้วาร์ปไปยังแผนที่ #13.
15:45:50 : แมวเหมียว ได้วาร์ปไปยังแผนที่ #14.
15:45:53 : แมวเหมียว ได้วาร์ปไปยังแผนที่ #15.
15:45:54 : แมวเหมียว ได้วาร์ปไปยังแผนที่ #16.
15:45:56 : แมวเหมียว ได้วาร์ปไปยังแผนที่ #17.
15:45:58 : แมวเหมียว ได้วาร์ปไปยังแผนที่ #18.
15:46:00 : แมวเหมียว ได้วาร์ปไปยังแผนที่ #19.
15:46:02 : แมวเหมียว ได้วาร์ปไปยังแผนที่ #20.
15:46:04 : แมวเหมียว ได้วาร์ปไปยังแผนที่ #21.
15:46:07 : แมวเหมียว ได้วาร์ปไปยังแผนที่ #22.
15:46:10 : แมวเหมียว ได้วาร์ปไปยังแผนที่ #23.
15:46:17 : แมวเหมียว ได้วาร์ปไปยังแผนที่ #22.
15:46:19 : แมวเหมียว ได้วาร์ปไปยังแผนที่ #21.
15:50:49 : แมวเหมียว saved Npc #1.
15:50:49 : แมวเหมียว saved Npc #7.
15:50:49 : แมวเหมียว saved Npc #9.
15:50:49 : แมวเหมียว saved Npc #11.
15:50:49 : แมวเหมียว saved Npc #13.
15:50:49 : แมวเหมียว saved Npc #14.
15:50:49 : แมวเหมียว saved Npc #15.
15:50:49 : แมวเหมียว saved Npc #16.
15:50:49 : แมวเหมียว saved Npc #17.
15:50:49 : แมวเหมียว saved Npc #21.
15:50:49 : แมวเหมียว saved Npc #22.
15:53:55 : แมวเหมียว ได้วาร์ปไปยังแผนที่ #20.
16:01:31 : แมวเหมียว ได้วาร์ปไปยังแผนที่ #19.
16:01:38 : แมวเหมียว ได้วาร์ปไปยังแผนที่ #18.
16:05:35 : แมวเหมียว ได้วาร์ปไปยังแผนที่ #1.
17:37:52 : แมวเหมียว saved Npc #1.
17:37:52 : แมวเหมียว saved Npc #20.
17:40:21 : แมวเหมียว saved Npc #1.
17:40:21 : แมวเหมียว saved Npc #31.
17:46:29 : แมวเหมียว saved Npc #1.
17:46:29 : แมวเหมียว saved Npc #16.
17:46:29 : แมวเหมียว saved Npc #17.
17:49:29 : แมวเหมียว saved Spell #1.
17:49:29 : แมวเหมียว saved Spell #19.
17:49:29 : แมวเหมียว saved Spell #83.
17:49:46 : แมวเหมียว saved Spell #1.
17:49:46 : แมวเหมียว saved Spell #83.
18:01:17 : แมวเหมียว saved Spell #1.
18:01:17 : แมวเหมียว saved Spell #6.
18:01:17 : แมวเหมียว saved Spell #75.
18:01:17 : แมวเหมียว saved Spell #84.
18:01:17 : แมวเหมียว saved Spell #85.
18:01:17 : แมวเหมียว saved Spell #86.
18:01:17 : แมวเหมียว saved Spell #114.
18:01:17 : แมวเหมียว saved Spell #115.
18:01:17 : แมวเหมียว saved Spell #116.
18:02:51 : แมวเหมียว saved item #1.
18:02:51 : แมวเหมียว saved item #12.
18:02:51 : แมวเหมียว saved item #13.
18:02:51 : แมวเหมียว saved item #14.
18:05:05 : แมวเหมียว saved Spell #1.
18:05:05 : แมวเหมียว saved Spell #83.
18:05:05 : แมวเหมียว saved Spell #84.
18:05:05 : แมวเหมียว saved Spell #85.
18:05:05 : แมวเหมียว saved Spell #86.
18:07:28 : แมวเหมียว saved Spell #1.
18:07:28 : แมวเหมียว saved Spell #83.
18:07:28 : แมวเหมียว saved Spell #84.
18:07:28 : แมวเหมียว saved Spell #85.
18:07:28 : แมวเหมียว saved Spell #86.
19:03:54 : แมวเหมียว saved Spell #1.
19:03:54 : แมวเหมียว saved Spell #6.
19:03:54 : แมวเหมียว saved Spell #7.
19:03:54 : แมวเหมียว saved Spell #8.
19:03:54 : แมวเหมียว saved Spell #9.
19:03:54 : แมวเหมียว saved Spell #16.
19:03:54 : แมวเหมียว saved Spell #17.
19:03:54 : แมวเหมียว saved Spell #18.
19:03:54 : แมวเหมียว saved Spell #19.
19:03:54 : แมวเหมียว saved Spell #23.
19:03:54 : แมวเหมียว saved Spell #24.
19:03:54 : แมวเหมียว saved Spell #25.
19:03:54 : แมวเหมียว saved Spell #26.
19:03:54 : แมวเหมียว saved Spell #27.
19:03:54 : แมวเหมียว saved Spell #28.
19:03:54 : แมวเหมียว saved Spell #29.
19:03:54 : แมวเหมียว saved Spell #30.
19:03:54 : แมวเหมียว saved Spell #32.
19:03:54 : แมวเหมียว saved Spell #33.
19:03:54 : แมวเหมียว saved Spell #34.
19:03:54 : แมวเหมียว saved Spell #35.
19:03:54 : แมวเหมียว saved Spell #36.
19:03:54 : แมวเหมียว saved Spell #63.
19:03:54 : แมวเหมียว saved Spell #66.
19:03:54 : แมวเหมียว saved Spell #87.
19:03:54 : แมวเหมียว saved Spell #88.
19:03:54 : แมวเหมียว saved Spell #89.
19:29:59 : แมวเหมียว saved Npc #1.
19:29:59 : แมวเหมียว saved Npc #31.
19:29:59 : แมวเหมียว saved Npc #32.
19:29:59 : แมวเหมียว saved Npc #34.
19:29:59 : แมวเหมียว saved Npc #35.
19:30:02 : แมวเหมียว ได้วาร์ปไปยังแผนที่ #100.
19:31:09 : แมวเหมียว has warped The_Fam to self, map #100.
19:33:39 : แมวเหมียว saved Npc #1.
19:33:39 : แมวเหมียว saved Npc #32.
19:33:39 : แมวเหมียว saved Npc #35.
19:34:46 : แมวเหมียว ได้วาร์ปไปยังแผนที่ #100.
22:48:02 : AutoLoot saved Quest #1.
22:49:44 : AutoLoot saved Quest #1.
22:50:19 : AutoLoot saved Quest #1.
22:51:40 : AutoLoot saved Npc #1.
22:51:40 : AutoLoot saved Npc #37.
22:51:40 : AutoLoot saved Npc #39.
22:51:40 : AutoLoot saved Npc #40.
22:51:40 : AutoLoot saved Npc #41.
22:51:40 : AutoLoot saved Npc #61.
22:56:08 : AutoLoot saved Quest #1.
22:57:36 : AutoLoot saved Quest #1.
22:57:49 : AutoLoot saved Npc #1.
22:57:49 : AutoLoot saved Npc #61.
22:59:35 : AutoLoot saved Npc #1.
22:59:35 : AutoLoot saved Npc #61.
23:00:18 : AutoLoot saved Npc #1.
23:00:18 : AutoLoot saved Npc #36.
23:00:18 : AutoLoot saved Npc #61.
23:03:54 : AutoLoot saved Quest #1.
23:04:21 : AutoLoot saved Quest #1.
23:05:07 : AutoLoot saved Npc #1.
23:05:07 : AutoLoot saved Npc #61.
23:05:38 : AutoLoot saved Quest #1.
23:07:00 : AutoLoot saved Quest #1.
23:08:51 : AutoLoot ได้วาร์ปไปยังแผนที่ #5.
23:08:55 : AutoLoot ได้วาร์ปไปยังแผนที่ #6.
23:08:56 : AutoLoot ได้วาร์ปไปยังแผนที่ #7.
23:08:59 : AutoLoot ได้วาร์ปไปยังแผนที่ #1.
23:09:00 : AutoLoot ได้วาร์ปไปยังแผนที่ #2.
23:09:02 : AutoLoot ได้วาร์ปไปยังแผนที่ #3.
23:09:05 : AutoLoot ได้วาร์ปไปยังแผนที่ #4.
23:09:08 : AutoLoot ได้วาร์ปไปยังแผนที่ #4.
23:09:11 : AutoLoot ได้วาร์ปไปยังแผนที่ #5.
23:09:14 : AutoLoot ได้วาร์ปไปยังแผนที่ #6.
23:09:21 : AutoLoot ได้วาร์ปไปยังแผนที่ #7.
23:09:25 : AutoLoot ได้วาร์ปไปยังแผนที่ #7.
23:09:36 : AutoLoot ได้วาร์ปไปยังแผนที่ #1.
23:09:42 : AutoLoot ได้วาร์ปไปยังแผนที่ #7.
23:09:46 : AutoLoot ได้วาร์ปไปยังแผนที่ #8.
23:09:50 : AutoLoot ได้วาร์ปไปยังแผนที่ #9.
23:09:58 : AutoLoot ได้วาร์ปไปยังแผนที่ #10.
23:10:02 : AutoLoot ได้วาร์ปไปยังแผนที่ #11.
23:10:05 : AutoLoot ได้วาร์ปไปยังแผนที่ #12.
23:10:23 : AutoLoot ได้วาร์ปไปยังแผนที่ #13.
23:10:27 : AutoLoot ได้วาร์ปไปยังแผนที่ #13.
23:10:31 : AutoLoot ได้วาร์ปไปยังแผนที่ #14.
23:10:34 : AutoLoot ได้วาร์ปไปยังแผนที่ #15.
23:10:38 : AutoLoot ได้วาร์ปไปยังแผนที่ #16.
23:10:42 : AutoLoot ได้วาร์ปไปยังแผนที่ #17.
23:10:47 : AutoLoot ได้วาร์ปไปยังแผนที่ #18.
23:10:51 : AutoLoot ได้วาร์ปไปยังแผนที่ #19.
23:11:01 : AutoLoot ได้วาร์ปไปยังแผนที่ #20.
23:11:05 : AutoLoot ได้วาร์ปไปยังแผนที่ #21.
23:12:25 : AutoLoot ได้วาร์ปไปยังแผนที่ #22.
23:12:32 : AutoLoot ได้วาร์ปไปยังแผนที่ #23.
23:12:41 : AutoLoot ได้วาร์ปไปยังแผนที่ #24.
23:13:23 : AutoLoot ได้วาร์ปไปยังแผนที่ #25.
23:13:30 : AutoLoot ได้วาร์ปไปยังแผนที่ #26.
23:13:38 : AutoLoot ได้วาร์ปไปยังแผนที่ #27.
23:13:44 : AutoLoot ได้วาร์ปไปยังแผนที่ #28.
23:13:52 : AutoLoot ได้วาร์ปไปยังแผนที่ #29.
23:13:58 : AutoLoot ได้วาร์ปไปยังแผนที่ #51.
23:21:06 : AutoLoot ได้วาร์ปไปยังแผนที่ #1.
23:21:52 : AutoLoot saved Quest #1.
23:23:47 : AutoLoot ได้วาร์ปไปยังแผนที่ #52.
23:41:37 : AutoLoot ได้วาร์ปไปยังแผนที่ #1.
23:42:56 : AutoLoot ได้วาร์ปไปยังแผนที่ #52.
23:46:42 : AutoLoot ได้วาร์ปไปยังแผนที่ #52.
16:32:56 : แมวเหมียว saved Npc #1.
16:32:56 : แมวเหมียว saved Npc #61.
16:42:20 : แมวเหมียวได้เริ่มนับการเกิดใหม่ของ npc ในแผนที่ #1
17:04:18 : แมวเหมียว ได้วาร์ปไปยังแผนที่ #1.
17:04:19 : แมวเหมียว ได้วาร์ปไปยังแผนที่ #2.
17:04:20 : แมวเหมียว ได้วาร์ปไปยังแผนที่ #3.
17:04:23 : แมวเหมียว ได้วาร์ปไปยังแผนที่ #4.
17:04:24 : แมวเหมียว ได้วาร์ปไปยังแผนที่ #5.
17:09:54 : แมวเหมียว ได้วาร์ปไปยังแผนที่ #100.
17:10:26 : แมวเหมียว ได้วาร์ปไปยังแผนที่ #100.
17:54:54 : แมวเหมียว saved item #1.
17:54:54 : แมวเหมียว saved item #498.
17:56:24 : แมวเหมียว saved item #1.
17:56:24 : แมวเหมียว saved item #498.
12:39:16 : แมวเหมียว saved Npc #1.
12:40:12 : แมวเหมียว saved Npc #1.
12:40:12 : แมวเหมียว saved Npc #254.
12:41:09 : แมวเหมียว saved Npc #1.
12:41:09 : แมวเหมียว saved Npc #254.
12:41:52 : แมวเหมียว saved Npc #1.
12:41:52 : แมวเหมียว saved Npc #254.
12:41:52 : แมวเหมียว saved Npc #255.
12:42:03 : แมวเหมียว saved Npc #1.
12:42:03 : แมวเหมียว saved Npc #254.
12:42:03 : แมวเหมียว saved Npc #255.
12:43:18 : แมวเหมียว saved Npc #1.
12:43:18 : แมวเหมียว saved Npc #254.
12:43:55 : แมวเหมียว saved Npc #1.
12:43:55 : แมวเหมียว saved Npc #11.
12:43:55 : แมวเหมียว saved Npc #12.
12:54:57 : แมวเหมียว saved Npc #1.
12:54:57 : แมวเหมียว saved Npc #253.
12:54:57 : แมวเหมียว saved Npc #254.
12:55:35 : แมวเหมียว saved Spell #1.
12:55:35 : แมวเหมียว saved Spell #85.
12:55:35 : แมวเหมียว saved Spell #93.
13:13:09 : แมวเหมียว saved item #1.
13:13:09 : แมวเหมียว saved item #17.
13:13:09 : แมวเหมียว saved item #18.
13:13:09 : แมวเหมียว saved item #21.
13:13:09 : แมวเหมียว saved item #22.
13:13:50 : แมวเหมียวได้เริ่มนับการเกิดใหม่ของ npc ในแผนที่ #1
16:33:35 : GMไม่อยู่จ้า saved Npc #1.
16:33:43 : GMไม่อยู่จ้า saved Npc #1.
16:33:47 : GMไม่อยู่จ้า saved Npc #1.
16:46:11 : GMไม่อยู่จ้า saved Npc #1.
17:29:14 : GMไม่อยู่จ้า saved Npc #1.
17:29:14 : GMไม่อยู่จ้า saved Npc #254.
18:06:11 : GMไม่อยู่จ้า saved Spell #1.
18:06:11 : GMไม่อยู่จ้า saved Spell #122.
